<?xml version="1.0" encoding="UTF-8"?>
<testsuite xmlns:xsi="http://www.w3.org/2001/XMLSchema-instance" xsi:noNamespaceSchemaLocation="https://maven.apache.org/surefire/maven-surefire-plugin/xsd/surefire-test-report.xsd" name="fr.epsi.testmaven.CompteTest" time="0.002" tests="5" errors="0" skipped="0" failures="0">
  <properties>
[...]
</properties>
  <testcase name="testCrediter" classname="fr.epsi.testmaven.CompteTest" time="0"/>
  <testcase name="testGetSolde" classname="fr.epsi.testmaven.CompteTest" time="0"/>
  <testcase name="testDebiter" classname="fr.epsi.testmaven.CompteTest" time="0"/>
  <testcase name="testCreationCompte" classname="fr.epsi.testmaven.CompteTest" time="0.001"/>
  <testcase name="testSetSolde" classname="fr.epsi.testmaven.CompteTest" time="0"/>
</testsuite>